SF:lib\core\data_sync\conflict_resolver.dart
DA:23,1
DA:27,2
DA:28,2
DA:30,1
DA:40,1
DA:41,1
DA:42,1
DA:43,1
DA:44,1
DA:45,1
DA:48,0
DA:59,1
DA:60,1
DA:61,1
DA:63,2
DA:64,2
DA:71,1
DA:75,1
LF:18
LH:17
end_of_record
SF:lib\core\data_sync\sync_collections.dart
DA:37,1
DA:38,1
LF:2
LH:2
end_of_record
SF:lib\core\feature_flags\feature_config.dart
DA:8,2
DA:14,1
DA:15,2
DA:19,1
DA:33,1
LF:5
LH:5
end_of_record
SF:lib\core\monitoring\analytics_service.dart
DA:6,0
DA:7,0
DA:31,0
DA:32,0
DA:48,0
DA:52,0
DA:67,0
DA:71,0
DA:92,0
DA:96,0
DA:111,0
DA:112,0
DA:116,0
DA:117,0
DA:125,0
DA:126,0
DA:136,0
DA:141,0
DA:143,0
DA:144,0
DA:145,0
DA:146,0
DA:154,0
DA:160,0
DA:162,0
DA:163,0
DA:164,0
DA:165,0
DA:166,0
DA:174,0
DA:179,0
DA:181,0
DA:182,0
DA:183,0
DA:184,0
DA:185,0
DA:193,0
DA:198,0
DA:200,0
DA:201,0
DA:202,0
DA:203,0
DA:211,0
DA:215,0
DA:217,0
DA:227,0
DA:232,0
DA:234,0
DA:245,0
DA:251,0
DA:253,0
DA:254,0
DA:255,0
DA:256,0
DA:257,0
DA:267,0
DA:268,0
DA:272,0
DA:273,0
DA:277,0
DA:278,0
DA:282,0
DA:283,0
DA:287,0
DA:288,0
DA:292,0
DA:293,0
DA:297,0
DA:302,0
LF:69
LH:0
end_of_record
SF:lib\core\monitoring\crashlytics_service.dart
DA:6,0
DA:7,0
DA:35,0
DA:42,0
DA:61,0
DA:62,0
DA:75,0
DA:76,0
DA:88,0
DA:89,0
DA:93,0
DA:94,0
DA:106,0
DA:107,0
DA:114,0
DA:115,0
DA:119,0
DA:120,0
DA:125,0
DA:126,0
DA:130,0
DA:131,0
DA:135,0
DA:136,0
LF:24
LH:0
end_of_record
SF:lib\core\monitoring\error_logger_service.dart
DA:15,0
DA:16,0
DA:17,0
DA:18,0
DA:33,1
DA:59,1
DA:66,2
DA:67,1
DA:71,2
DA:72,3
DA:73,3
DA:74,1
DA:75,3
DA:78,3
DA:80,2
DA:84,1
DA:85,1
DA:86,1
DA:87,2
DA:91,2
DA:94,1
DA:96,1
DA:97,1
DA:98,3
DA:103,2
DA:105,1
DA:106,1
DA:107,1
DA:108,2
DA:109,2
DA:110,2
DA:115,2
DA:116,2
DA:123,1
DA:130,1
DA:133,1
DA:134,1
DA:135,1
DA:136,1
DA:137,1
DA:145,1
DA:151,1
DA:154,1
DA:155,1
DA:156,1
DA:157,1
DA:166,1
DA:171,1
DA:174,1
DA:175,1
DA:176,1
DA:177,3
DA:186,1
DA:192,1
DA:195,1
DA:196,1
DA:197,1
DA:198,1
DA:206,1
DA:212,1
DA:215,1
DA:216,1
DA:217,1
DA:218,1
DA:236,1
DA:241,3
DA:243,3
DA:247,3
DA:250,2
DA:252,1
DA:253,1
DA:254,4
DA:269,1
DA:271,3
DA:274,2
DA:282,1
DA:283,1
DA:284,1
DA:286,2
DA:290,1
DA:291,1
DA:292,1
DA:293,1
DA:294,1
DA:295,1
DA:296,1
DA:297,1
DA:298,1
LF:88
LH:84
end_of_record
SF:lib\core\shared\exceptions\app_exception.dart
DA:14,3
DA:16,0
DA:17,0
DA:22,2
DA:26,1
DA:28,2
DA:29,6
DA:36,2
DA:41,1
DA:43,2
DA:45,8
DA:50,1
DA:51,1
DA:53,1
DA:54,2
DA:61,3
DA:62,2
DA:64,2
DA:66,6
DA:67,10
DA:69,4
DA:75,1
DA:79,1
DA:81,1
DA:82,3
DA:87,1
DA:91,1
DA:93,1
DA:94,3
DA:101,1
DA:104,1
DA:106,1
DA:108,3
DA:115,1
DA:120,1
DA:122,1
DA:124,4
DA:131,1
DA:135,1
DA:137,1
DA:138,3
LF:41
LH:39
end_of_record
SF:lib\core\monitoring\performance_monitoring_service.dart
DA:6,0
DA:7,0
DA:35,0
DA:36,0
DA:59,0
DA:65,0
DA:66,0
DA:71,0
DA:72,0
DA:77,0
DA:81,0
DA:82,0
DA:88,0
DA:109,0
DA:114,0
DA:115,0
DA:120,0
DA:121,0
DA:126,0
DA:129,0
DA:134,0
DA:135,0
DA:138,0
DA:160,0
DA:165,0
DA:166,0
DA:168,0
DA:169,0
DA:191,0
DA:196,0
DA:197,0
DA:200,0
DA:203,0
DA:215,0
DA:216,0
DA:220,0
DA:221,0
DA:242,0
DA:243,0
LF:39
LH:0
end_of_record
SF:lib\core\routing\app_routes.dart
DA:47,3
DA:58,9
DA:62,3
DA:63,3
DA:64,3
DA:65,3
LF:6
LH:6
end_of_record
SF:lib\core\routing\scaffold_with_bottom_nav.dart
DA:10,0
DA:12,0
DA:14,0
DA:15,0
DA:16,0
DA:17,0
DA:18,0
DA:39,0
DA:40,0
DA:42,0
DA:45,0
DA:48,0
DA:56,0
DA:58,0
DA:59,0
DA:61,0
DA:62,0
DA:64,0
DA:65,0
LF:19
LH:0
end_of_record
SF:lib\core\data_sync\sync_retry_manager.dart
DA:36,1
DA:37,1
DA:38,3
DA:41,1
DA:47,1
DA:48,1
DA:66,1
DA:75,1
DA:77,1
DA:79,1
DA:84,2
DA:87,1
DA:90,1
DA:98,1
DA:100,2
DA:101,2
DA:102,3
DA:106,1
LF:18
LH:18
end_of_record
SF:lib\core\storage\models\health_profile_model.dart
DA:32,1
DA:42,2
DA:43,1
DA:44,1
DA:45,1
DA:46,1
DA:47,1
DA:48,1
DA:49,1
DA:52,1
DA:53,1
DA:54,1
DA:55,1
DA:56,2
DA:57,2
DA:58,2
DA:59,1
DA:60,2
DA:62,1
DA:63,2
LF:20
LH:20
end_of_record
SF:lib\core\storage\models\health_profile_model.g.dart
DA:13,0
DA:15,0
DA:16,0
DA:17,0
DA:19,0
DA:20,0
DA:21,0
DA:22,0
DA:23,0
DA:24,0
DA:25,0
DA:27,0
DA:28,0
DA:30,0
DA:34,0
DA:37,0
DA:38,0
DA:39,0
DA:40,0
DA:41,0
DA:42,0
DA:43,0
DA:44,0
DA:45,0
DA:46,0
DA:47,0
DA:48,0
DA:49,0
DA:50,0
DA:51,0
DA:54,0
DA:55,0
DA:57,0
DA:60,0
DA:61,0
DA:62,0
LF:36
LH:0
end_of_record
SF:lib\core\storage\models\nutrition_data_model.g.dart
DA:13,0
DA:15,0
DA:16,0
DA:17,0
DA:19,0
DA:20,0
DA:21,0
DA:22,0
DA:23,0
DA:24,0
DA:25,0
DA:26,0
DA:27,0
DA:31,0
DA:34,0
DA:35,0
DA:36,0
DA:37,0
DA:38,0
DA:39,0
DA:40,0
DA:41,0
DA:42,0
DA:43,0
DA:44,0
DA:45,0
DA:46,0
DA:47,0
DA:48,0
DA:49,0
DA:50,0
DA:53,0
DA:54,0
DA:56,0
DA:59,0
DA:60,0
DA:61,0
LF:37
LH:0
end_of_record
SF:lib\core\storage\models\nutrition_data_model.dart
DA:35,1
DA:46,2
DA:47,1
DA:48,2
DA:49,1
DA:50,1
DA:51,1
DA:52,1
DA:53,1
DA:54,1
DA:57,1
DA:58,1
DA:59,1
DA:60,2
DA:61,1
DA:62,1
DA:63,2
DA:64,2
DA:65,2
DA:66,1
LF:20
LH:20
end_of_record
SF:lib\core\storage\models\product_cache_model.g.dart
DA:13,0
DA:15,0
DA:16,0
DA:17,0
DA:19,0
DA:20,0
DA:21,0
DA:22,0
DA:23,0
DA:24,0
DA:28,0
DA:31,0
DA:32,0
DA:33,0
DA:34,0
DA:35,0
DA:36,0
DA:37,0
DA:38,0
DA:39,0
DA:40,0
DA:41,0
DA:44,0
DA:45,0
DA:47,0
DA:50,0
DA:51,0
DA:52,0
LF:28
LH:0
end_of_record
SF:lib\core\storage\models\product_cache_model.dart
DA:26,1
DA:34,2
DA:35,1
DA:36,1
DA:37,1
DA:38,1
DA:39,2
DA:42,1
DA:43,1
DA:44,1
DA:45,1
DA:46,1
DA:47,1
DA:48,2
DA:50,2
LF:15
LH:15
end_of_record
SF:lib\core\storage\models\product_model.dart
DA:38,1
DA:50,2
DA:51,1
DA:52,1
DA:53,1
DA:54,2
DA:55,1
DA:56,1
DA:57,2
DA:58,1
DA:59,1
DA:62,2
DA:63,1
DA:64,1
DA:65,1
DA:66,2
DA:67,1
DA:68,1
DA:69,1
DA:70,2
DA:72,1
DA:73,1
LF:22
LH:22
end_of_record
SF:lib\core\storage\models\product_model.g.dart
DA:13,0
DA:15,0
DA:16,0
DA:17,0
DA:19,0
DA:20,0
DA:21,0
DA:22,0
DA:23,0
DA:24,0
DA:25,0
DA:26,0
DA:27,0
DA:28,0
DA:32,0
DA:35,0
DA:36,0
DA:37,0
DA:38,0
DA:39,0
DA:40,0
DA:41,0
DA:42,0
DA:43,0
DA:44,0
DA:45,0
DA:46,0
DA:47,0
DA:48,0
DA:49,0
DA:50,0
DA:51,0
DA:52,0
DA:53,0
DA:56,0
DA:57,0
DA:59,0
DA:62,0
DA:63,0
DA:64,0
LF:40
LH:0
end_of_record
SF:lib\core\storage\models\recipe_model.g.dart
DA:13,0
DA:15,0
DA:16,0
DA:17,0
DA:19,0
DA:20,0
DA:21,0
DA:22,0
DA:23,0
DA:24,0
DA:25,0
DA:26,0
DA:27,0
DA:28,0
DA:32,0
DA:35,0
DA:36,0
DA:37,0
DA:38,0
DA:39,0
DA:40,0
DA:41,0
DA:42,0
DA:43,0
DA:44,0
DA:45,0
DA:46,0
DA:47,0
DA:48,0
DA:49,0
DA:50,0
DA:51,0
DA:52,0
DA:53,0
DA:56,0
DA:57,0
DA:59,0
DA:62,0
DA:63,0
DA:64,0
LF:40
LH:0
end_of_record
SF:lib\core\storage\models\recipe_model.dart
DA:38,1
DA:50,2
DA:51,1
DA:52,1
DA:53,1
DA:54,1
DA:55,1
DA:56,1
DA:57,1
DA:58,1
DA:59,1
DA:62,2
DA:63,1
DA:64,1
DA:65,2
DA:66,2
DA:67,1
DA:68,1
DA:69,1
DA:70,2
DA:72,1
DA:73,1
LF:22
LH:22
end_of_record
SF:lib\core\storage\models\settings_model.dart
DA:29,1
DA:38,2
DA:39,1
DA:40,1
DA:41,1
DA:42,1
DA:43,1
DA:44,1
DA:47,2
DA:48,1
DA:49,1
DA:50,1
DA:51,1
DA:52,1
DA:53,1
LF:15
LH:15
end_of_record
SF:lib\core\storage\models\settings_model.g.dart
DA:13,0
DA:15,0
DA:16,0
DA:17,0
DA:19,0
DA:20,0
DA:21,0
DA:22,0
DA:23,0
DA:24,0
DA:25,0
DA:29,0
DA:32,0
DA:33,0
DA:34,0
DA:35,0
DA:36,0
DA:37,0
DA:38,0
DA:39,0
DA:40,0
DA:41,0
DA:42,0
DA:43,0
DA:44,0
DA:47,0
DA:48,0
DA:50,0
DA:53,0
DA:54,0
DA:55,0
LF:31
LH:0
end_of_record
SF:lib\features\inventory\domain\entities\product.dart
DA:14,5
DA:27,1
DA:38,1
DA:39,1
DA:40,1
DA:41,1
DA:42,1
DA:43,1
DA:44,1
DA:45,1
DA:46,1
DA:47,1
DA:51,0
DA:55,0
DA:58,0
DA:59,0
LF:16
LH:12
end_of_record
SF:lib\features\inventory\domain\entities\product_filter.dart
DA:10,6
DA:18,1
DA:23,1
DA:24,1
DA:28,1
DA:29,1
DA:33,1
DA:34,1
DA:38,1
DA:39,4
DA:43,1
DA:44,3
DA:48,4
DA:52,3
DA:53,2
DA:54,3
DA:55,3
DA:64,1
DA:70,1
DA:71,1
DA:72,1
DA:73,1
DA:74,1
LF:23
LH:23
end_of_record
SF:lib\features\inventory\domain\usecases\add_product_usecase.dart
DA:11,1
DA:17,1
DA:19,3
DA:20,1
DA:23,3
DA:24,1
DA:28,2
LF:7
LH:7
end_of_record
SF:lib\features\inventory\domain\usecases\delete_product_usecase.dart
DA:10,1
DA:16,1
DA:18,2
DA:19,1
DA:23,2
DA:25,2
DA:29,2
LF:7
LH:7
end_of_record
SF:lib\features\inventory\domain\usecases\update_product_usecase.dart
DA:11,1
DA:17,1
DA:19,3
DA:20,1
DA:23,3
DA:24,1
DA:28,3
DA:30,3
DA:34,2
LF:9
LH:9
end_of_record
